==========================================
Federated Learning - Scenario 2
10 Communication Rounds, 1 Local Epoch
==========================================
Job ID: 6265
Nodes: 2
Tasks: 4
Start: Wed Nov  5 06:02:36 PM +0330 2025
==========================================


CLIENT 1: Initializing...
CLIENT 1: Data loaded successfully
CLIENT 1: Train samples: 26667, Test samples: 6666
CLIENT 1: Features: 50
CLIENT 1: Train class distribution: [25314  1353]
CLIENT 1: Round 1/10 - Trained for 1 epoch(s) in 0.0169s
CLIENT 1: Round 2/10 - Trained for 1 epoch(s) in 0.0180s
CLIENT 1: Round 3/10 - Trained for 1 epoch(s) in 0.0151s
CLIENT 1: Round 4/10 - Trained for 1 epoch(s) in 0.0121s
CLIENT 1: Round 5/10 - Trained for 1 epoch(s) in 0.0125s
CLIENT 1: Round 6/10 - Trained for 1 epoch(s) in 0.0146s
CLIENT 1: Round 7/10 - Trained for 1 epoch(s) in 0.0129s
CLIENT 1: Round 8/10 - Trained for 1 epoch(s) in 0.0123s
CLIENT 1: Round 9/10 - Trained for 1 epoch(s) in 0.0130s
CLIENT 1: Round 10/10 - Trained for 1 epoch(s) in 0.0130s
CLIENT 1: Total local training time: 0.1403 seconds
CLIENT 1: Final test accuracy: 0.5998 (59.98%)
======================================================================
SERVER: Federated Learning Started (FedAvg)
======================================================================
Number of clients: 3
Communication rounds: 10
Local epochs per round: 1
Number of features: 50
======================================================================

======================================================================
Communication Round 1/10
======================================================================
SERVER: Sent global model to 3 clients
SERVER: Received updated models from 3 clients
SERVER: Aggregated models using FedAvg
SERVER: Round 1 completed in 21.9405s

======================================================================
Communication Round 2/10
======================================================================
SERVER: Sent global model to 3 clients
SERVER: Received updated models from 3 clients
SERVER: Aggregated models using FedAvg
SERVER: Round 2 completed in 1.2462s

======================================================================
Communication Round 3/10
======================================================================
SERVER: Sent global model to 3 clients
SERVER: Received updated models from 3 clients
SERVER: Aggregated models using FedAvg
SERVER: Round 3 completed in 0.4822s

======================================================================
Communication Round 4/10
======================================================================
SERVER: Sent global model to 3 clients
SERVER: Received updated models from 3 clients
SERVER: Aggregated models using FedAvg
SERVER: Round 4 completed in 0.0352s

======================================================================
Communication Round 5/10
======================================================================
SERVER: Sent global model to 3 clients
SERVER: Received updated models from 3 clients
SERVER: Aggregated models using FedAvg
SERVER: Round 5 completed in 0.0313s

======================================================================
Communication Round 6/10
======================================================================
SERVER: Sent global model to 3 clients
SERVER: Received updated models from 3 clients
SERVER: Aggregated models using FedAvg
SERVER: Round 6 completed in 0.0257s

======================================================================
Communication Round 7/10
======================================================================
SERVER: Sent global model to 3 clients
SERVER: Received updated models from 3 clients
SERVER: Aggregated models using FedAvg
SERVER: Round 7 completed in 0.0312s

======================================================================
Communication Round 8/10
======================================================================
SERVER: Sent global model to 3 clients
SERVER: Received updated models from 3 clients
SERVER: Aggregated models using FedAvg
SERVER: Round 8 completed in 0.0334s

======================================================================
Communication Round 9/10
======================================================================
SERVER: Sent global model to 3 clients
SERVER: Received updated models from 3 clients
SERVER: Aggregated models using FedAvg
SERVER: Round 9 completed in 0.0237s

======================================================================
Communication Round 10/10
======================================================================
SERVER: Sent global model to 3 clients
SERVER: Received updated models from 3 clients
SERVER: Aggregated models using FedAvg
SERVER: Round 10 completed in 0.0264s

======================================================================
SERVER: Training completed
Total training time: 23.8758 seconds
======================================================================

SERVER: Sent final model to all clients for evaluation
SERVER: Client 1 test accuracy: 0.5998 (59.98%)
SERVER: Client 2 test accuracy: 0.6617 (66.17%)
SERVER: Client 3 test accuracy: 0.6309 (63.09%)

======================================================================
FINAL RESULTS
======================================================================
Average test accuracy across all clients: 0.6308 (63.08%)
Total training time: 23.8758 seconds
======================================================================

Total execution time: 25.0988 seconds

CLIENT 3: Initializing...
CLIENT 3: Data loaded successfully
CLIENT 3: Train samples: 26668, Test samples: 6667
CLIENT 3: Features: 50
CLIENT 3: Train class distribution: [13452 13216]
CLIENT 3: Round 1/10 - Trained for 1 epoch(s) in 0.4006s
CLIENT 3: Round 2/10 - Trained for 1 epoch(s) in 0.0135s
CLIENT 3: Round 3/10 - Trained for 1 epoch(s) in 0.3484s
CLIENT 3: Round 4/10 - Trained for 1 epoch(s) in 0.0266s
CLIENT 3: Round 5/10 - Trained for 1 epoch(s) in 0.0189s
CLIENT 3: Round 6/10 - Trained for 1 epoch(s) in 0.0157s
CLIENT 3: Round 7/10 - Trained for 1 epoch(s) in 0.0168s
CLIENT 3: Round 8/10 - Trained for 1 epoch(s) in 0.0235s
CLIENT 3: Round 9/10 - Trained for 1 epoch(s) in 0.0203s
CLIENT 3: Round 10/10 - Trained for 1 epoch(s) in 0.0225s
CLIENT 3: Total local training time: 0.9068 seconds
CLIENT 3: Final test accuracy: 0.6309 (63.09%)

CLIENT 2: Initializing...
CLIENT 2: Data loaded successfully
CLIENT 2: Train samples: 26666, Test samples: 6666
CLIENT 2: Features: 50
CLIENT 2: Train class distribution: [ 1323 25343]
CLIENT 2: Round 1/10 - Trained for 1 epoch(s) in 1.1335s
CLIENT 2: Round 2/10 - Trained for 1 epoch(s) in 1.2033s
CLIENT 2: Round 3/10 - Trained for 1 epoch(s) in 0.0119s
CLIENT 2: Round 4/10 - Trained for 1 epoch(s) in 0.0268s
CLIENT 2: Round 5/10 - Trained for 1 epoch(s) in 0.0210s
CLIENT 2: Round 6/10 - Trained for 1 epoch(s) in 0.0138s
CLIENT 2: Round 7/10 - Trained for 1 epoch(s) in 0.0203s
CLIENT 2: Round 8/10 - Trained for 1 epoch(s) in 0.0189s
CLIENT 2: Round 9/10 - Trained for 1 epoch(s) in 0.0160s
CLIENT 2: Round 10/10 - Trained for 1 epoch(s) in 0.0197s
CLIENT 2: Total local training time: 2.4852 seconds
CLIENT 2: Final test accuracy: 0.6617 (66.17%)

==========================================
End: Wed Nov  5 06:03:07 PM +0330 2025
==========================================
