==============================================
Job: Multiple Machines, Single Core (MMSC)
==============================================
Nodelist:=  raspberrypi-dml[0,3]
Number of nodes:=  2
Ntasks per node:=  1
==============================================
MASTER_ADDR:MASTER_PORT=raspberrypi-dml0:27422
==============================================
Starting training...
[Gloo] Rank 0 is connected to 1 peer ranks. Expected number of connected peer ranks is : 1
[Rank 0] Initialized: world_size=2, local_rank=0
============================================================
Distributed Training Configuration
============================================================
World size: 2
Physical batch size: 32
Accumulation steps: 4
Effective batch size: 128
Gradient accumulation: Enabled
Learning rate: 0.001
Epochs: 20
============================================================
[Gloo] Rank 1 is connected to 1 peer ranks. Expected number of connected peer ranks is : 1
[Rank 1] Initialized: world_size=2, local_rank=0
[Dataset] Loaded features shape: (60000, 512)
[Dataset] Loaded labels shape: (60000,)
[Dataset] Number of classes: 20
[Dataset] Loaded features shape: (10000, 512)
[Dataset] Loaded labels shape: (10000,)
[Dataset] Number of classes: 20
Input dimension: 512
Number of classes: 20
Training samples: 60000
Test samples: 10000
[Dataset] Loaded features shape: (60000, 512)
[Dataset] Loaded labels shape: (60000,)
[Dataset] Number of classes: 20
[Dataset] Loaded features shape: (10000, 512)
[Dataset] Loaded labels shape: (10000,)
[Dataset] Number of classes: 20

Starting training...
------------------------------------------------------------
Epoch [1/20] Train Loss: 1.6047 | Train Acc: 53.31% | Test Loss: 0.5504 | Test Acc: 84.19% | Time: 69.54s
[Rank 0] Checkpoint saved to checkpoints/model_MMSC.pt
Epoch [2/20] Train Loss: 0.6671 | Train Acc: 79.75% | Test Loss: 0.4644 | Test Acc: 85.45% | Time: 69.01s
[Rank 0] Checkpoint saved to checkpoints/model_MMSC.pt
Epoch [3/20] Train Loss: 0.5560 | Train Acc: 82.77% | Test Loss: 0.4552 | Test Acc: 85.63% | Time: 68.89s
[Rank 0] Checkpoint saved to checkpoints/model_MMSC.pt
Epoch [4/20] Train Loss: 0.4980 | Train Acc: 84.48% | Test Loss: 0.4453 | Test Acc: 85.70% | Time: 68.86s
[Rank 0] Checkpoint saved to checkpoints/model_MMSC.pt
Epoch [5/20] Train Loss: 0.4490 | Train Acc: 85.82% | Test Loss: 0.4503 | Test Acc: 85.76% | Time: 68.96s
[Rank 0] Checkpoint saved to checkpoints/model_MMSC.pt
Epoch [6/20] Train Loss: 0.4063 | Train Acc: 87.03% | Test Loss: 0.4615 | Test Acc: 85.64% | Time: 68.95s
Epoch [7/20] Train Loss: 0.3798 | Train Acc: 87.82% | Test Loss: 0.4666 | Test Acc: 85.59% | Time: 69.12s
Epoch [8/20] Train Loss: 0.3523 | Train Acc: 88.46% | Test Loss: 0.4733 | Test Acc: 85.42% | Time: 68.87s
Epoch [9/20] Train Loss: 0.3126 | Train Acc: 89.74% | Test Loss: 0.4795 | Test Acc: 85.68% | Time: 69.22s
Epoch [10/20] Train Loss: 0.2798 | Train Acc: 90.95% | Test Loss: 0.4749 | Test Acc: 85.61% | Time: 68.85s
Epoch [11/20] Train Loss: 0.2562 | Train Acc: 91.66% | Test Loss: 0.4822 | Test Acc: 85.74% | Time: 69.23s
Epoch [12/20] Train Loss: 0.2464 | Train Acc: 91.90% | Test Loss: 0.4921 | Test Acc: 85.55% | Time: 69.16s
Epoch [13/20] Train Loss: 0.2343 | Train Acc: 92.32% | Test Loss: 0.5016 | Test Acc: 85.33% | Time: 69.62s
Epoch [14/20] Train Loss: 0.2116 | Train Acc: 92.97% | Test Loss: 0.4955 | Test Acc: 85.58% | Time: 69.40s
Epoch [15/20] Train Loss: 0.2019 | Train Acc: 93.26% | Test Loss: 0.5013 | Test Acc: 85.53% | Time: 69.31s
Epoch [16/20] Train Loss: 0.1915 | Train Acc: 93.58% | Test Loss: 0.5076 | Test Acc: 85.41% | Time: 68.89s
Epoch [17/20] Train Loss: 0.1845 | Train Acc: 93.87% | Test Loss: 0.5114 | Test Acc: 85.37% | Time: 69.17s
Epoch [18/20] Train Loss: 0.1728 | Train Acc: 94.27% | Test Loss: 0.5144 | Test Acc: 85.45% | Time: 68.74s
Epoch [19/20] Train Loss: 0.1724 | Train Acc: 94.26% | Test Loss: 0.5118 | Test Acc: 85.50% | Time: 68.78s
Epoch [20/20] Train Loss: 0.1688 | Train Acc: 94.41% | Test Loss: 0.5137 | Test Acc: 85.38% | Time: 69.13s
------------------------------------------------------------
Training completed!
Total training time: 1426.17s
Best test accuracy: 85.76%
============================================================
==============================================
Training completed!
==============================================
