==============================================
Job: Multiple Machines, Multiple Cores (MMMC)
==============================================
Nodelist:=  raspberrypi-dml[0,3]
Number of nodes:=  2
Ntasks per node:=  1
==============================================
MASTER_ADDR:MASTER_PORT=raspberrypi-dml0:27423
==============================================
Starting training...
[Gloo] Rank 3 is connected to 3 peer ranks. Expected number of connected peer ranks is : 3
[Gloo] Rank 0 is connected to 3 peer ranks. Expected number of connected peer ranks is : 3
[Gloo] Rank 1 is connected to 3 peer ranks. Expected number of connected peer ranks is : 3
[Rank 0] Initialized: world_size=4, local_rank=0
============================================================
Distributed Training Configuration
============================================================
World size: 4
Physical batch size: 32
Accumulation steps: 4
Effective batch size: 128
Gradient accumulation: Enabled
Learning rate: 0.001
Epochs: 20
============================================================
[Gloo] Rank 2 is connected to 3 peer ranks. Expected number of connected peer ranks is : 3
[Rank 1] Initialized: world_size=4, local_rank=1
[Rank 3] Initialized: world_size=4, local_rank=1
[Rank 2] Initialized: world_size=4, local_rank=0
[Dataset] Loaded features shape: (60000, 512)
[Dataset] Loaded labels shape: (60000,)
[Dataset] Loaded features shape: (60000, 512)
[Dataset] Loaded labels shape: (60000,)
[Dataset] Number of classes: 20
[Dataset] Number of classes: 20
[Dataset] Loaded features shape: (10000, 512)
[Dataset] Loaded labels shape: (10000,)
[Dataset] Number of classes: 20
Input dimension: 512
Number of classes: 20
Training samples: 60000
Test samples: 10000
[Dataset] Loaded features shape: (10000, 512)
[Dataset] Loaded labels shape: (10000,)
[Dataset] Number of classes: 20
[Dataset] Loaded features shape: (60000, 512)
[Dataset] Loaded labels shape: (60000,)
[Dataset] Loaded features shape: (60000, 512)
[Dataset] Loaded labels shape: (60000,)
[Dataset] Number of classes: 20
[Dataset] Number of classes: 20
[Dataset] Loaded features shape: (10000, 512)
[Dataset] Loaded labels shape: (10000,)
[Dataset] Number of classes: 20
[Dataset] Loaded features shape: (10000, 512)
[Dataset] Loaded labels shape: (10000,)
[Dataset] Number of classes: 20

Starting training...
------------------------------------------------------------
Epoch [1/20] Train Loss: 1.9221 | Train Acc: 43.90% | Test Loss: 0.7184 | Test Acc: 81.66% | Time: 39.99s
[Rank 0] Checkpoint saved to checkpoints/model_MMMC.pt
Epoch [2/20] Train Loss: 0.7615 | Train Acc: 77.59% | Test Loss: 0.4823 | Test Acc: 85.36% | Time: 39.83s
[Rank 0] Checkpoint saved to checkpoints/model_MMMC.pt
Epoch [3/20] Train Loss: 0.5918 | Train Acc: 81.89% | Test Loss: 0.4494 | Test Acc: 85.85% | Time: 39.79s
[Rank 0] Checkpoint saved to checkpoints/model_MMMC.pt
Epoch [4/20] Train Loss: 0.5199 | Train Acc: 83.95% | Test Loss: 0.4363 | Test Acc: 86.39% | Time: 40.05s
[Rank 0] Checkpoint saved to checkpoints/model_MMMC.pt
Epoch [5/20] Train Loss: 0.4711 | Train Acc: 85.20% | Test Loss: 0.4380 | Test Acc: 86.22% | Time: 39.96s
Epoch [6/20] Train Loss: 0.4383 | Train Acc: 86.22% | Test Loss: 0.4414 | Test Acc: 86.20% | Time: 39.94s
Epoch [7/20] Train Loss: 0.4051 | Train Acc: 87.05% | Test Loss: 0.4500 | Test Acc: 86.12% | Time: 40.05s
Epoch [8/20] Train Loss: 0.3768 | Train Acc: 87.90% | Test Loss: 0.4499 | Test Acc: 86.35% | Time: 40.00s
Epoch [9/20] Train Loss: 0.3433 | Train Acc: 89.03% | Test Loss: 0.4560 | Test Acc: 86.03% | Time: 40.05s
Epoch [10/20] Train Loss: 0.3235 | Train Acc: 89.64% | Test Loss: 0.4643 | Test Acc: 86.03% | Time: 39.83s
Epoch [11/20] Train Loss: 0.2972 | Train Acc: 90.38% | Test Loss: 0.4681 | Test Acc: 85.76% | Time: 40.04s
Epoch [12/20] Train Loss: 0.2955 | Train Acc: 90.35% | Test Loss: 0.4705 | Test Acc: 85.73% | Time: 39.95s
Epoch [13/20] Train Loss: 0.2625 | Train Acc: 91.29% | Test Loss: 0.4716 | Test Acc: 85.92% | Time: 39.99s
Epoch [14/20] Train Loss: 0.2516 | Train Acc: 91.82% | Test Loss: 0.4754 | Test Acc: 85.88% | Time: 39.94s
Epoch [15/20] Train Loss: 0.2404 | Train Acc: 92.01% | Test Loss: 0.4785 | Test Acc: 85.80% | Time: 40.01s
Epoch [16/20] Train Loss: 0.2377 | Train Acc: 92.19% | Test Loss: 0.4827 | Test Acc: 85.50% | Time: 40.01s
Epoch [17/20] Train Loss: 0.2231 | Train Acc: 92.66% | Test Loss: 0.4848 | Test Acc: 85.61% | Time: 39.93s
Epoch [18/20] Train Loss: 0.2196 | Train Acc: 92.81% | Test Loss: 0.4862 | Test Acc: 85.87% | Time: 40.00s
Epoch [19/20] Train Loss: 0.2115 | Train Acc: 92.98% | Test Loss: 0.4853 | Test Acc: 85.80% | Time: 40.29s
Epoch [20/20] Train Loss: 0.2050 | Train Acc: 93.32% | Test Loss: 0.4825 | Test Acc: 85.91% | Time: 39.96s
------------------------------------------------------------
Training completed!
Total training time: 823.59s
Best test accuracy: 86.39%
============================================================
==============================================
Training completed!
==============================================
