==============================================
Job: Single Machine, Multiple Cores (SMMC)
==============================================
Nodelist:=  raspberrypi-dml0
Number of nodes:=  1
Ntasks per node:=  1
==============================================
MASTER_ADDR:MASTER_PORT=raspberrypi-dml0:27421
==============================================
Starting training...
[Gloo] Rank [Gloo] Rank 01 is connected to  is connected to 11 peer ranks.  peer ranks. Expected number of connected peer ranks is : Expected number of connected peer ranks is : 11

[Rank 1] Initialized: world_size=2, local_rank=1[Rank 0] Initialized: world_size=2, local_rank=0

============================================================
Distributed Training Configuration
============================================================
World size: 2
Physical batch size: 32
Accumulation steps: 4
Effective batch size: 128
Gradient accumulation: Enabled
Learning rate: 0.001
Epochs: 20
============================================================
[Dataset] Loaded features shape: (60000, 512)
[Dataset] Loaded labels shape: (60000,)
[Dataset] Loaded features shape: (60000, 512)
[Dataset] Loaded labels shape: (60000,)
[Dataset] Number of classes: 20
[Dataset] Number of classes: 20
[Dataset] Loaded features shape: (10000, 512)
[Dataset] Loaded labels shape: (10000,)
[Dataset] Number of classes: 20
[Dataset] Loaded features shape: (10000, 512)
[Dataset] Loaded labels shape: (10000,)
[Dataset] Number of classes: 20
Input dimension: 512
Number of classes: 20
Training samples: 60000
Test samples: 10000

Starting training...
------------------------------------------------------------
Epoch [1/20] Train Loss: 1.5937 | Train Acc: 53.05% | Test Loss: 0.5467 | Test Acc: 84.25% | Time: 41.72s
[Rank 0] Checkpoint saved to checkpoints/model_SMMC.pt
Epoch [2/20] Train Loss: 0.6713 | Train Acc: 79.70% | Test Loss: 0.4658 | Test Acc: 85.71% | Time: 41.68s
[Rank 0] Checkpoint saved to checkpoints/model_SMMC.pt
Epoch [3/20] Train Loss: 0.5536 | Train Acc: 83.04% | Test Loss: 0.4631 | Test Acc: 85.79% | Time: 41.77s
[Rank 0] Checkpoint saved to checkpoints/model_SMMC.pt
Epoch [4/20] Train Loss: 0.4918 | Train Acc: 84.81% | Test Loss: 0.4558 | Test Acc: 85.95% | Time: 41.74s
[Rank 0] Checkpoint saved to checkpoints/model_SMMC.pt
Epoch [5/20] Train Loss: 0.4461 | Train Acc: 85.79% | Test Loss: 0.4592 | Test Acc: 86.00% | Time: 41.73s
[Rank 0] Checkpoint saved to checkpoints/model_SMMC.pt
Epoch [6/20] Train Loss: 0.4056 | Train Acc: 87.15% | Test Loss: 0.4633 | Test Acc: 85.72% | Time: 41.72s
Epoch [7/20] Train Loss: 0.3764 | Train Acc: 88.02% | Test Loss: 0.4717 | Test Acc: 85.35% | Time: 41.75s
Epoch [8/20] Train Loss: 0.3529 | Train Acc: 88.60% | Test Loss: 0.4767 | Test Acc: 85.33% | Time: 41.73s
Epoch [9/20] Train Loss: 0.3276 | Train Acc: 89.53% | Test Loss: 0.4906 | Test Acc: 85.05% | Time: 41.73s
Epoch [10/20] Train Loss: 0.2919 | Train Acc: 90.40% | Test Loss: 0.4919 | Test Acc: 85.24% | Time: 41.76s
Epoch [11/20] Train Loss: 0.2627 | Train Acc: 91.47% | Test Loss: 0.4933 | Test Acc: 85.25% | Time: 41.72s
Epoch [12/20] Train Loss: 0.2363 | Train Acc: 92.21% | Test Loss: 0.4961 | Test Acc: 85.38% | Time: 41.70s
Epoch [13/20] Train Loss: 0.2256 | Train Acc: 92.55% | Test Loss: 0.5081 | Test Acc: 85.30% | Time: 41.88s
Epoch [14/20] Train Loss: 0.2123 | Train Acc: 93.02% | Test Loss: 0.5086 | Test Acc: 85.19% | Time: 41.76s
Epoch [15/20] Train Loss: 0.1977 | Train Acc: 93.52% | Test Loss: 0.5152 | Test Acc: 85.34% | Time: 41.70s
Epoch [16/20] Train Loss: 0.1889 | Train Acc: 93.69% | Test Loss: 0.5171 | Test Acc: 84.99% | Time: 41.73s
Epoch [17/20] Train Loss: 0.1802 | Train Acc: 93.94% | Test Loss: 0.5253 | Test Acc: 85.11% | Time: 41.71s
Epoch [18/20] Train Loss: 0.1731 | Train Acc: 94.22% | Test Loss: 0.5217 | Test Acc: 85.34% | Time: 41.72s
Epoch [19/20] Train Loss: 0.1697 | Train Acc: 94.37% | Test Loss: 0.5235 | Test Acc: 85.32% | Time: 41.70s
Epoch [20/20] Train Loss: 0.1605 | Train Acc: 94.70% | Test Loss: 0.5286 | Test Acc: 85.08% | Time: 41.67s
------------------------------------------------------------
Training completed!
Total training time: 834.85s
Best test accuracy: 86.00%
============================================================
==============================================
Training completed!
==============================================
